Drill report for C:\Users\ina17\Documents\KiCad\Project\I2C_MASTER\I2C_MASTER.kicad_pcb
Created on 10/12/16 20:15:17

Copper Layer Stackup:
    =============================================================
    L1 :  F.Cu                      front
    L2 :  B.Cu                      back


Drill file 'C:I2C_MASTER.drl' contains
    plated through holes:
    =============================================================
    T1  0.40mm  0.016"  (61 holes)
    T2  0.70mm  0.028"  (5 holes)
    T3  0.76mm  0.030"  (2 holes)
    T4  0.80mm  0.032"  (4 holes)
    T5  1.00mm  0.039"  (7 holes)
    T6  1.00mm  0.039"  (4 holes)

    Total plated holes count 83


Drill file 'C:I2C_MASTER-NPTH.drl' contains
    unplated through holes:
    =============================================================
    T1  0.90mm  0.035"  (2 holes)
    T2  3.20mm  0.126"  (4 holes)

    Total unplated holes count 6
