Loading plugins phase: Elapsed time ==> 0s.218ms
Initializing data phase: Elapsed time ==> 0s.000ms
<CYPRESSTAG name="CyDsfit arguments...">
cydsfit arguments: -.fdsnotice -.fdswarpdepfile=warp_dependencies.txt -.fdselabdepfile=elab_dependencies.txt -.fdsbldfile=generated_files.txt -p C:\Users\ina17\Documents\Cypress\PSoC Creator\Project\I2C2UART\I2C2UART.cydsn\I2C2UART.cyprj -d CY8C3246LTI-125 -s C:\Users\ina17\Documents\Cypress\PSoC Creator\Project\I2C2UART\I2C2UART.cydsn\Generated_Source\PSoC3 -- -yv2 -q10 -ygs -o2 -v3 -.fftcfgtype=BE</CYPRESSTAG>
<CYPRESSTAG name="Design elaboration results...">
</CYPRESSTAG>
Elaboration phase: Elapsed time ==> 2s.662ms
<CYPRESSTAG name="HDL generation results...">
</CYPRESSTAG>
HDL generation phase: Elapsed time ==> 0s.077ms
<CYPRESSTAG name="Synthesis results...">

     | | | | | | |
   _________________
  -|               |-
  -|               |-
  -|               |-
  -|    CYPRESS    |-
  -|               |-
  -|               |-   Warp Verilog Synthesis Compiler: Version 6.3 IR 41
  -|               |-   Copyright (C) 1991-2001 Cypress Semiconductor
   |_______________|
     | | | | | | |

======================================================================
Compiling:  I2C2UART.v
Program  :   C:\Program Files (x86)\Cypress\PSoC Creator\3.3\PSoC Creator\warp\bin/warp.exe
Options  :    -yv2 -q10 -ygs -o2 -v3 -.fftcfgtype=BE -ya -.fftprj=C:\Users\ina17\Documents\Cypress\PSoC Creator\Project\I2C2UART\I2C2UART.cydsn\I2C2UART.cyprj -dcpsoc3 I2C2UART.v -verilog
======================================================================

======================================================================
Compiling:  I2C2UART.v
Program  :   C:\Program Files (x86)\Cypress\PSoC Creator\3.3\PSoC Creator\warp\bin/warp.exe
Options  :    -yv2 -q10 -ygs -o2 -v3 -.fftcfgtype=BE -ya -.fftprj=C:\Users\ina17\Documents\Cypress\PSoC Creator\Project\I2C2UART\I2C2UART.cydsn\I2C2UART.cyprj -dcpsoc3 I2C2UART.v -verilog
======================================================================

======================================================================
Compiling:  I2C2UART.v
Program  :   vlogfe
Options  :    -yv2 -q10 -ygs -o2 -v3 -.fftcfgtype=BE -ya -.fftprj=C:\Users\ina17\Documents\Cypress\PSoC Creator\Project\I2C2UART\I2C2UART.cydsn\I2C2UART.cyprj -dcpsoc3 -verilog I2C2UART.v
======================================================================

vlogfe V6.3 IR 41:  Verilog parser
Tue Oct 25 22:18:48 2016


======================================================================
Compiling:  I2C2UART.v
Program  :   vpp
Options  :    -yv2 -q10 I2C2UART.v
======================================================================

vpp V6.3 IR 41:  Verilog Pre-Processor
Tue Oct 25 22:18:48 2016

Flattening file 'C:\Program Files (x86)\Cypress\PSoC Creator\3.3\PSoC Creator\psoc\content\cyprimitives\CyPrimitives.cylib\OneTerminal\OneTerminal.v'
Flattening file 'C:\Program Files (x86)\Cypress\PSoC Creator\3.3\PSoC Creator\psoc\content\cyprimitives\CyPrimitives.cylib\cy_virtualmux_v1_0\cy_virtualmux_v1_0.v'
Flattening file 'C:\Program Files (x86)\Cypress\PSoC Creator\3.3\PSoC Creator\psoc\content\cyprimitives\CyPrimitives.cylib\or_v1_0\or_v1_0.v'
Flattening file 'C:\Program Files (x86)\Cypress\PSoC Creator\3.3\PSoC Creator\psoc\content\cyprimitives\CyPrimitives.cylib\ZeroTerminal\ZeroTerminal.v'
Flattening file 'C:\Program Files (x86)\Cypress\PSoC Creator\3.3\PSoC Creator\psoc\content\cycomponentlibrary\CyComponentLibrary.cylib\AMuxSeq_v1_80\AMuxSeq_v1_80.v'
Flattening file 'C:\Program Files (x86)\Cypress\PSoC Creator\3.3\PSoC Creator\warp\lib\common\cypress.v'
Flattening file 'C:\Program Files (x86)\Cypress\PSoC Creator\3.3\PSoC Creator\warp\lib\common\cy_psoc3_inc.v'
Flattening file 'C:\Program Files (x86)\Cypress\PSoC Creator\3.3\PSoC Creator\psoc\content\cyprimitives\CyPrimitives.cylib\CyControlReg_v1_80\CyControlReg_v1_80.v'
Flattening file 'C:\Program Files (x86)\Cypress\PSoC Creator\3.3\PSoC Creator\warp\lib\common\cypress.v'
Flattening file 'C:\Program Files (x86)\Cypress\PSoC Creator\3.3\PSoC Creator\psoc\content\cyprimitives\CyPrimitives.cylib\CyStatusReg_v1_90\CyStatusReg_v1_90.v'
Flattening file 'C:\Program Files (x86)\Cypress\PSoC Creator\3.3\PSoC Creator\warp\lib\common\cypress.v'
Flattening file 'C:\Program Files (x86)\Cypress\PSoC Creator\3.3\PSoC Creator\psoc\content\cyprimitives\CyPrimitives.cylib\cy_vref_v1_60\cy_vref_v1_60.v'
Flattening file 'C:\Program Files (x86)\Cypress\PSoC Creator\3.3\PSoC Creator\psoc\content\cyprimitives\CyPrimitives.cylib\cy_analog_virtualmux_v1_0\cy_analog_virtualmux_v1_0.v'
Flattening file 'C:\Program Files (x86)\Cypress\PSoC Creator\3.3\PSoC Creator\psoc\content\cycomponentlibrary\CyComponentLibrary.cylib\AMux_v1_80\AMux_v1_80.v'
Flattening file 'C:\Program Files (x86)\Cypress\PSoC Creator\3.3\PSoC Creator\warp\lib\common\cypress.v'

vpp:  No errors.

Library 'work' => directory 'lcpsoc3'
General_symbol_table
General_symbol_table
Linking 'C:\Program Files (x86)\Cypress\PSoC Creator\3.3\PSoC Creator\warp\lib\common\std.vhd'.
Linking 'C:\Program Files (x86)\Cypress\PSoC Creator\3.3\PSoC Creator\warp\lib\common\cypress.vhd'.
Linking 'C:\Program Files (x86)\Cypress\PSoC Creator\3.3\PSoC Creator\warp\lib\common\work\cypress.vif'.
Linking 'C:\Program Files (x86)\Cypress\PSoC Creator\3.3\PSoC Creator\warp\lib\ieee\work\stdlogic.vif'.
Linking 'C:\Program Files (x86)\Cypress\PSoC Creator\3.3\PSoC Creator\warp\lib\common\stdlogic\lpmpkg.vif'.
Linking 'C:\Program Files (x86)\Cypress\PSoC Creator\3.3\PSoC Creator\warp\lib\common\stdlogic\rtlpkg.vif'.
Linking 'C:\Program Files (x86)\Cypress\PSoC Creator\3.3\PSoC Creator\warp\lib\common\stdlogic\mod_cnst.vif'.
Linking 'C:\Program Files (x86)\Cypress\PSoC Creator\3.3\PSoC Creator\warp\lib\common\stdlogic\mod_mthv.vif'.
Linking 'C:\Program Files (x86)\Cypress\PSoC Creator\3.3\PSoC Creator\warp\lib\common\stdlogic\mod_genv.vif'.
Using control file 'I2C2UART.ctl'.
Note:  Using config. rule 'Net_276' to set csattribute 'locked_route' on 'Net_276'.

vlogfe:  No errors.


======================================================================
Compiling:  I2C2UART.v
Program  :   tovif
Options  :    -yv2 -q10 -ygs -o2 -v3 -.fftcfgtype=BE -ya -.fftprj=C:\Users\ina17\Documents\Cypress\PSoC Creator\Project\I2C2UART\I2C2UART.cydsn\I2C2UART.cyprj -dcpsoc3 -verilog I2C2UART.v
======================================================================

tovif V6.3 IR 41:  High-level synthesis
Tue Oct 25 22:18:48 2016

Linking 'C:\Program Files (x86)\Cypress\PSoC Creator\3.3\PSoC Creator\warp\lib\common\std.vhd'.
Linking 'C:\Program Files (x86)\Cypress\PSoC Creator\3.3\PSoC Creator\warp\lib\common\cypress.vhd'.
Linking 'C:\Program Files (x86)\Cypress\PSoC Creator\3.3\PSoC Creator\warp\lib\common\work\cypress.vif'.
Linking 'C:\Program Files (x86)\Cypress\PSoC Creator\3.3\PSoC Creator\warp\lib\ieee\work\stdlogic.vif'.
Linking 'C:\Program Files (x86)\Cypress\PSoC Creator\3.3\PSoC Creator\warp\lib\common\stdlogic\lpmpkg.vif'.
Linking 'C:\Program Files (x86)\Cypress\PSoC Creator\3.3\PSoC Creator\warp\lib\common\stdlogic\rtlpkg.vif'.
Linking 'C:\Program Files (x86)\Cypress\PSoC Creator\3.3\PSoC Creator\warp\lib\common\stdlogic\mod_cnst.vif'.
Linking 'C:\Program Files (x86)\Cypress\PSoC Creator\3.3\PSoC Creator\warp\lib\common\stdlogic\mod_mthv.vif'.
Linking 'C:\Program Files (x86)\Cypress\PSoC Creator\3.3\PSoC Creator\warp\lib\common\stdlogic\mod_genv.vif'.
Linking 'C:\Users\ina17\Documents\Cypress\PSoC Creator\Project\I2C2UART\I2C2UART.cydsn\codegentemp\I2C2UART.ctl'.
Linking 'C:\Program Files (x86)\Cypress\PSoC Creator\3.3\PSoC Creator\psoc\content\cyprimitives\CyPrimitives.cylib\OneTerminal\OneTerminal.v'.
Linking 'C:\Users\ina17\Documents\Cypress\PSoC Creator\Project\I2C2UART\I2C2UART.cydsn\codegentemp\I2C2UART.v'.
Linking 'C:\Program Files (x86)\Cypress\PSoC Creator\3.3\PSoC Creator\psoc\content\cyprimitives\CyPrimitives.cylib\cy_virtualmux_v1_0\cy_virtualmux_v1_0.v'.
Linking 'C:\Program Files (x86)\Cypress\PSoC Creator\3.3\PSoC Creator\psoc\content\cyprimitives\CyPrimitives.cylib\or_v1_0\or_v1_0.v'.
Linking 'C:\Program Files (x86)\Cypress\PSoC Creator\3.3\PSoC Creator\psoc\content\cyprimitives\CyPrimitives.cylib\ZeroTerminal\ZeroTerminal.v'.
Linking 'C:\Program Files (x86)\Cypress\PSoC Creator\3.3\PSoC Creator\psoc\content\cycomponentlibrary\CyComponentLibrary.cylib\AMuxSeq_v1_80\AMuxSeq_v1_80.v'.
Linking 'C:\Program Files (x86)\Cypress\PSoC Creator\3.3\PSoC Creator\warp\lib\common\cypress.v'.
Linking 'C:\Program Files (x86)\Cypress\PSoC Creator\3.3\PSoC Creator\warp\lib\common\cy_psoc3_inc.v'.
Linking 'C:\Program Files (x86)\Cypress\PSoC Creator\3.3\PSoC Creator\psoc\content\cyprimitives\CyPrimitives.cylib\CyControlReg_v1_80\CyControlReg_v1_80.v'.
Linking 'C:\Program Files (x86)\Cypress\PSoC Creator\3.3\PSoC Creator\psoc\content\cyprimitives\CyPrimitives.cylib\CyStatusReg_v1_90\CyStatusReg_v1_90.v'.
Linking 'C:\Program Files (x86)\Cypress\PSoC Creator\3.3\PSoC Creator\psoc\content\cyprimitives\CyPrimitives.cylib\cy_vref_v1_60\cy_vref_v1_60.v'.
Linking 'C:\Program Files (x86)\Cypress\PSoC Creator\3.3\PSoC Creator\psoc\content\cyprimitives\CyPrimitives.cylib\cy_analog_virtualmux_v1_0\cy_analog_virtualmux_v1_0.v'.
Linking 'C:\Program Files (x86)\Cypress\PSoC Creator\3.3\PSoC Creator\psoc\content\cycomponentlibrary\CyComponentLibrary.cylib\AMux_v1_80\AMux_v1_80.v'.

tovif:  No errors.


======================================================================
Compiling:  I2C2UART.v
Program  :   topld
Options  :    -yv2 -q10 -ygs -o2 -v3 -.fftcfgtype=BE -ya -.fftprj=C:\Users\ina17\Documents\Cypress\PSoC Creator\Project\I2C2UART\I2C2UART.cydsn\I2C2UART.cyprj -dcpsoc3 -verilog I2C2UART.v
======================================================================

topld V6.3 IR 41:  Synthesis and optimization
Tue Oct 25 22:18:49 2016

Linking 'C:\Program Files (x86)\Cypress\PSoC Creator\3.3\PSoC Creator\warp\lib\common\std.vhd'.
Linking 'C:\Program Files (x86)\Cypress\PSoC Creator\3.3\PSoC Creator\warp\lib\common\cypress.vhd'.
Linking 'C:\Program Files (x86)\Cypress\PSoC Creator\3.3\PSoC Creator\warp\lib\common\work\cypress.vif'.
Linking 'C:\Program Files (x86)\Cypress\PSoC Creator\3.3\PSoC Creator\warp\lib\ieee\work\stdlogic.vif'.
Linking 'C:\Program Files (x86)\Cypress\PSoC Creator\3.3\PSoC Creator\warp\lib\common\stdlogic\lpmpkg.vif'.
Linking 'C:\Program Files (x86)\Cypress\PSoC Creator\3.3\PSoC Creator\warp\lib\common\stdlogic\rtlpkg.vif'.
Linking 'C:\Program Files (x86)\Cypress\PSoC Creator\3.3\PSoC Creator\warp\lib\common\stdlogic\mod_cnst.vif'.
Linking 'C:\Program Files (x86)\Cypress\PSoC Creator\3.3\PSoC Creator\warp\lib\common\stdlogic\mod_mthv.vif'.
Linking 'C:\Program Files (x86)\Cypress\PSoC Creator\3.3\PSoC Creator\warp\lib\common\stdlogic\mod_genv.vif'.
Linking 'C:\Users\ina17\Documents\Cypress\PSoC Creator\Project\I2C2UART\I2C2UART.cydsn\codegentemp\I2C2UART.ctl'.
Linking 'C:\Program Files (x86)\Cypress\PSoC Creator\3.3\PSoC Creator\psoc\content\cyprimitives\CyPrimitives.cylib\OneTerminal\OneTerminal.v'.
Linking 'C:\Users\ina17\Documents\Cypress\PSoC Creator\Project\I2C2UART\I2C2UART.cydsn\codegentemp\I2C2UART.v'.
Linking 'C:\Program Files (x86)\Cypress\PSoC Creator\3.3\PSoC Creator\psoc\content\cyprimitives\CyPrimitives.cylib\cy_virtualmux_v1_0\cy_virtualmux_v1_0.v'.
Linking 'C:\Program Files (x86)\Cypress\PSoC Creator\3.3\PSoC Creator\psoc\content\cyprimitives\CyPrimitives.cylib\or_v1_0\or_v1_0.v'.
Linking 'C:\Program Files (x86)\Cypress\PSoC Creator\3.3\PSoC Creator\psoc\content\cyprimitives\CyPrimitives.cylib\ZeroTerminal\ZeroTerminal.v'.
Linking 'C:\Program Files (x86)\Cypress\PSoC Creator\3.3\PSoC Creator\psoc\content\cycomponentlibrary\CyComponentLibrary.cylib\AMuxSeq_v1_80\AMuxSeq_v1_80.v'.
Linking 'C:\Program Files (x86)\Cypress\PSoC Creator\3.3\PSoC Creator\warp\lib\common\cypress.v'.
Linking 'C:\Program Files (x86)\Cypress\PSoC Creator\3.3\PSoC Creator\warp\lib\common\cy_psoc3_inc.v'.
Linking 'C:\Program Files (x86)\Cypress\PSoC Creator\3.3\PSoC Creator\psoc\content\cyprimitives\CyPrimitives.cylib\CyControlReg_v1_80\CyControlReg_v1_80.v'.
Linking 'C:\Program Files (x86)\Cypress\PSoC Creator\3.3\PSoC Creator\psoc\content\cyprimitives\CyPrimitives.cylib\CyStatusReg_v1_90\CyStatusReg_v1_90.v'.
Linking 'C:\Program Files (x86)\Cypress\PSoC Creator\3.3\PSoC Creator\psoc\content\cyprimitives\CyPrimitives.cylib\cy_vref_v1_60\cy_vref_v1_60.v'.
Linking 'C:\Program Files (x86)\Cypress\PSoC Creator\3.3\PSoC Creator\psoc\content\cyprimitives\CyPrimitives.cylib\cy_analog_virtualmux_v1_0\cy_analog_virtualmux_v1_0.v'.
Linking 'C:\Program Files (x86)\Cypress\PSoC Creator\3.3\PSoC Creator\psoc\content\cycomponentlibrary\CyComponentLibrary.cylib\AMux_v1_80\AMux_v1_80.v'.
Linking 'C:\Program Files (x86)\Cypress\PSoC Creator\3.3\PSoC Creator\warp\lib\lcpsoc3\stdlogic\cpsoc3.vif'.
Note:  Using config. rule 'Net_276' to set csattribute 'locked_route' on 'Net_276'.

----------------------------------------------------------
Detecting unused logic.
----------------------------------------------------------
    User names
	\I2C_M:udb_clk\
	Net_48
	\I2C_M:Net_1187\
	Net_49
	\I2C_M:Net_1188\
	\I2C_M:timeout_clk\
	Net_54
	\I2C_M:Net_1191\
	Net_53
	Net_52
	\USBUART_1:dma_complete_0\
	\USBUART_1:Net_1922\
	\USBUART_1:dma_complete_1\
	\USBUART_1:Net_1921\
	\USBUART_1:dma_complete_2\
	\USBUART_1:Net_1920\
	\USBUART_1:dma_complete_3\
	\USBUART_1:Net_1919\
	\USBUART_1:dma_complete_4\
	\USBUART_1:Net_1918\
	\USBUART_1:dma_complete_5\
	\USBUART_1:Net_1917\
	\USBUART_1:dma_complete_6\
	\USBUART_1:Net_1916\
	\USBUART_1:dma_complete_7\
	\USBUART_1:Net_1915\
	Net_256
	Net_257
	Net_258
	Net_259
	Net_260
	Net_261
	\ADC_DelSig:Net_268\
	\ADC_DelSig:Net_270\


Deleted 34 User equations/components.
Deleted 0 Synthesized equations/components.

------------------------------------------------------
Alias Detection
------------------------------------------------------
Aliasing \I2C_M:Net_1085\ to \I2C_M:Net_1084\
Aliasing tmpOE__SDA_Master_net_0 to \I2C_M:Net_1084\
Aliasing one to \I2C_M:Net_1084\
Aliasing tmpOE__SCL_Master_net_0 to \I2C_M:Net_1084\
Aliasing tmpOE__LED_Green_net_0 to \I2C_M:Net_1084\
Aliasing tmpOE__SW_1_net_0 to \I2C_M:Net_1084\
Aliasing tmpOE__PU_SDA_net_0 to \I2C_M:Net_1084\
Aliasing tmpOE__LED_Yellow_net_0 to \I2C_M:Net_1084\
Aliasing \USBUART_1:tmpOE__Dm_net_0\ to \I2C_M:Net_1084\
Aliasing \USBUART_1:tmpOE__Dp_net_0\ to \I2C_M:Net_1084\
Aliasing tmpOE__PU_SCL_net_0 to \I2C_M:Net_1084\
Aliasing \Control_Reg_1:clk\ to zero
Aliasing \Control_Reg_1:rst\ to zero
Aliasing \Status_Reg_1:status_2\ to zero
Aliasing \Status_Reg_1:status_3\ to zero
Aliasing \Status_Reg_1:status_4\ to zero
Aliasing \Status_Reg_1:status_5\ to zero
Aliasing \Status_Reg_1:status_6\ to zero
Aliasing \Status_Reg_1:status_7\ to zero
Aliasing tmpOE__SW_2_net_0 to \I2C_M:Net_1084\
Aliasing tmpOE__PU_SDA_2_net_0 to \I2C_M:Net_1084\
Aliasing tmpOE__PU_SCL_2_net_0 to \I2C_M:Net_1084\
Aliasing \ADC_DelSig:Net_482\ to zero
Aliasing \ADC_DelSig:Net_252\ to zero
Aliasing \ADC_DelSig:soc\ to \I2C_M:Net_1084\
Removing Rhs of wire \I2C_M:Net_1109_0\[2] = \I2C_M:scl_yfb\[17]
Removing Rhs of wire \I2C_M:Net_1109_1\[3] = \I2C_M:sda_yfb\[11]
Removing Lhs of wire \I2C_M:sda_x_wire\[8] = \I2C_M:Net_643_1\[5]
Removing Rhs of wire \I2C_M:tmpOE__Bufoe_sda_net_0\[9] = \I2C_M:Net_1084\[12]
Removing Lhs of wire \I2C_M:scl_x_wire\[14] = \I2C_M:Net_643_0\[4]
Removing Lhs of wire \I2C_M:tmpOE__Bufoe_scl_net_0\[15] = \I2C_M:tmpOE__Bufoe_sda_net_0\[9]
Removing Lhs of wire \I2C_M:Net_1085\[18] = \I2C_M:tmpOE__Bufoe_sda_net_0\[9]
Removing Lhs of wire \I2C_M:Net_697\[20] = \I2C_M:Net_643_2\[6]
Removing Rhs of wire tmpOE__SDA_Master_net_0[34] = \I2C_M:tmpOE__Bufoe_sda_net_0\[9]
Removing Lhs of wire one[39] = tmpOE__SDA_Master_net_0[34]
Removing Lhs of wire tmpOE__SCL_Master_net_0[42] = tmpOE__SDA_Master_net_0[34]
Removing Lhs of wire tmpOE__LED_Green_net_0[48] = tmpOE__SDA_Master_net_0[34]
Removing Rhs of wire Net_157[49] = \Control_Reg_1:control_out_0\[151]
Removing Rhs of wire Net_157[49] = \Control_Reg_1:control_0\[173]
Removing Lhs of wire tmpOE__SW_1_net_0[55] = tmpOE__SDA_Master_net_0[34]
Removing Lhs of wire tmpOE__PU_SDA_net_0[65] = tmpOE__SDA_Master_net_0[34]
Removing Lhs of wire tmpOE__LED_Yellow_net_0[72] = tmpOE__SDA_Master_net_0[34]
Removing Rhs of wire Net_158[73] = \Control_Reg_1:control_out_1\[152]
Removing Rhs of wire Net_158[73] = \Control_Reg_1:control_1\[172]
Removing Lhs of wire \USBUART_1:tmpOE__Dm_net_0\[84] = tmpOE__SDA_Master_net_0[34]
Removing Lhs of wire \USBUART_1:tmpOE__Dp_net_0\[91] = tmpOE__SDA_Master_net_0[34]
Removing Lhs of wire tmpOE__PU_SCL_net_0[144] = tmpOE__SDA_Master_net_0[34]
Removing Lhs of wire \Control_Reg_1:clk\[149] = zero[35]
Removing Lhs of wire \Control_Reg_1:rst\[150] = zero[35]
Removing Lhs of wire \Status_Reg_1:status_0\[174] = Net_199[56]
Removing Lhs of wire \Status_Reg_1:status_1\[175] = Net_200[176]
Removing Lhs of wire \Status_Reg_1:status_2\[177] = zero[35]
Removing Lhs of wire \Status_Reg_1:status_3\[178] = zero[35]
Removing Lhs of wire \Status_Reg_1:status_4\[179] = zero[35]
Removing Lhs of wire \Status_Reg_1:status_5\[180] = zero[35]
Removing Lhs of wire \Status_Reg_1:status_6\[181] = zero[35]
Removing Lhs of wire \Status_Reg_1:status_7\[182] = zero[35]
Removing Lhs of wire tmpOE__SW_2_net_0[187] = tmpOE__SDA_Master_net_0[34]
Removing Lhs of wire tmpOE__PU_SDA_2_net_0[198] = tmpOE__SDA_Master_net_0[34]
Removing Lhs of wire tmpOE__PU_SCL_2_net_0[204] = tmpOE__SDA_Master_net_0[34]
Removing Rhs of wire \ADC_DelSig:Net_488\[221] = \ADC_DelSig:Net_250\[255]
Removing Lhs of wire \ADC_DelSig:Net_481\[223] = zero[35]
Removing Lhs of wire \ADC_DelSig:Net_482\[224] = zero[35]
Removing Lhs of wire \ADC_DelSig:Net_252\[257] = zero[35]
Removing Lhs of wire \ADC_DelSig:soc\[259] = tmpOE__SDA_Master_net_0[34]

------------------------------------------------------
Aliased 0 equations, 40 wires.
------------------------------------------------------

----------------------------------------------------------
Circuit simplification
----------------------------------------------------------

Substituting virtuals - pass 1:


----------------------------------------------------------
Circuit simplification results:

	Expanded 0 signals.
	Turned 0 signals into soft nodes.
	Maximum default expansion cost was set at 3.
----------------------------------------------------------

topld:  No errors.

CYPRESS_DIR    : C:\Program Files (x86)\Cypress\PSoC Creator\3.3\PSoC Creator\warp
Warp Program   : C:\Program Files (x86)\Cypress\PSoC Creator\3.3\PSoC Creator\warp\bin/warp.exe
Warp Arguments : -yv2 -q10 -ygs -o2 -v3 -.fftcfgtype=BE -ya "-.fftprj=C:\Users\ina17\Documents\Cypress\PSoC Creator\Project\I2C2UART\I2C2UART.cydsn\I2C2UART.cyprj" -dcpsoc3 I2C2UART.v -verilog
</CYPRESSTAG>
Warp synthesis phase: Elapsed time ==> 0s.553ms
<CYPRESSTAG name="Fitter results...">
<CYPRESSTAG name="Fitter startup details...">
cyp3fit: V3.3.0.9604, Family: PSoC3, Started at: Tuesday, 25 October 2016 22:18:49
Options: -yv2 -q10 -ygs -o2 -v3 -.fftcfgtype=BE -ya -.fftprj=C:\Users\ina17\Documents\Cypress\PSoC Creator\Project\I2C2UART\I2C2UART.cydsn\I2C2UART.cyprj -d CY8C3246LTI-125 I2C2UART.v -verilog
</CYPRESSTAG>
<CYPRESSTAG name="Design parsing">
Design parsing phase: Elapsed time ==> 0s.013ms
</CYPRESSTAG>
<CYPRESSTAG name="Tech mapping">
<CYPRESSTAG name="Initial Mapping" icon="FILE_RPT_TECHM">
Assigning clock I2C_M_BusClock to clock BUS_CLK because it is a pass-through
<CYPRESSTAG name="Global Clock Selection" icon="FILE_RPT_TECHM">
    Digital Clock 0: Automatic-assigning  clock 'ADC_DelSig_Ext_CP_Clk'. Fanout=1, Signal=\ADC_DelSig:Net_93\
    Digital Clock 1: Automatic-assigning  clock 'Clock_1'. Fanout=0, Signal=Net_203
    Analog  Clock 0: Automatic-assigning  clock 'ADC_DelSig_theACLK'. Fanout=1, Signal=\ADC_DelSig:Net_488\
</CYPRESSTAG>
<CYPRESSTAG name="UDB Clock/Enable Remapping Results">
</CYPRESSTAG>

Removing unused cells resulting from optimization
Done removing unused cells.
<CYPRESSTAG name="Duplicate Macrocell detection">
</CYPRESSTAG>
</CYPRESSTAG>
<CYPRESSTAG name="Duplicate Macrocell detection">
</CYPRESSTAG>
<CYPRESSTAG name="Design Equations" icon="FILE_RPT_EQUATION">

------------------------------------------------------------
Design Equations
------------------------------------------------------------
    <CYPRESSTAG name="Pin listing">

    ------------------------------------------------------------
    Pin listing
    ------------------------------------------------------------

    Pin : Name = SDA_Master(0)
        Attributes:
            In Group/Port: True
            In Sync Option: SYNC
            Out Sync Option: NOSYNC
            Interrupt generated: False
            Interrupt mode: NONE
            Drive mode: OPEN_DRAIN_LO
            VTrip: CMOS
            Slew: FAST
            Input Sync needed: True
            Output Sync needed: False
            SC shield enabled: False
            POR State: ANY
            LCD Mode: COMMON
            Register Mode: RegComb
            CaSense Mode: NEITHER
            Treat as pin: True
            Is OE Registered: False
            Uses Analog: False
            Can contain Digital: True
            Is SIO: False
            SIO Output Buf: NONREGULATED
            SIO Input Buf: SINGLE_ENDED
            SIO HiFreq: LOW
            SIO Hyst: DISABLED
            SIO Vtrip: MULTIPLIER_0_5
            SIO Multiplier Index: 0
            SIO RefSel: VCC_IO
            Required Capabilitites: DIGITAL, ROUTABLE
            Initial Value: 0
            IO Voltage: 0
        PORT MAP (
            pa_out => SDA_Master(0)__PA ,
            fb => \I2C_M:Net_1109_1\ ,
            input => \I2C_M:Net_643_1\ ,
            annotation => Net_136 ,
            pad => SDA_Master(0)_PAD );
        Properties:
        {
        }

    Pin : Name = SCL_Master(0)
        Attributes:
            In Group/Port: True
            In Sync Option: SYNC
            Out Sync Option: NOSYNC
            Interrupt generated: False
            Interrupt mode: NONE
            Drive mode: OPEN_DRAIN_LO
            VTrip: CMOS
            Slew: FAST
            Input Sync needed: True
            Output Sync needed: False
            SC shield enabled: False
            POR State: ANY
            LCD Mode: COMMON
            Register Mode: RegComb
            CaSense Mode: NEITHER
            Treat as pin: True
            Is OE Registered: False
            Uses Analog: False
            Can contain Digital: True
            Is SIO: False
            SIO Output Buf: NONREGULATED
            SIO Input Buf: SINGLE_ENDED
            SIO HiFreq: LOW
            SIO Hyst: DISABLED
            SIO Vtrip: MULTIPLIER_0_5
            SIO Multiplier Index: 0
            SIO RefSel: VCC_IO
            Required Capabilitites: DIGITAL, ROUTABLE
            Initial Value: 0
            IO Voltage: 0
        PORT MAP (
            pa_out => SCL_Master(0)__PA ,
            fb => \I2C_M:Net_1109_0\ ,
            input => \I2C_M:Net_643_0\ ,
            annotation => Net_67 ,
            pad => SCL_Master(0)_PAD );
        Properties:
        {
        }

    Pin : Name = LED_Green(0)
        Attributes:
            In Group/Port: True
            In Sync Option: AUTO
            Out Sync Option: NOSYNC
            Interrupt generated: False
            Interrupt mode: NONE
            Drive mode: CMOS_OUT
            VTrip: EITHER
            Slew: FAST
            Input Sync needed: False
            Output Sync needed: False
            SC shield enabled: False
            POR State: ANY
            LCD Mode: COMMON
            Register Mode: RegComb
            CaSense Mode: NEITHER
            Treat as pin: True
            Is OE Registered: False
            Uses Analog: False
            Can contain Digital: True
            Is SIO: False
            SIO Output Buf: NONREGULATED
            SIO Input Buf: SINGLE_ENDED
            SIO HiFreq: LOW
            SIO Hyst: DISABLED
            SIO Vtrip: MULTIPLIER_0_5
            SIO Multiplier Index: 0
            SIO RefSel: VCC_IO
            Required Capabilitites: DIGITAL, ROUTABLE
            Initial Value: 1
            IO Voltage: 0
        PORT MAP (
            pa_out => LED_Green(0)__PA ,
            input => Net_157 ,
            pad => LED_Green(0)_PAD );
        Properties:
        {
        }

    Pin : Name = SW_1(0)
        Attributes:
            In Group/Port: True
            In Sync Option: NOSYNC
            Out Sync Option: AUTO
            Interrupt generated: False
            Interrupt mode: NONE
            Drive mode: RES_PULL_UP
            VTrip: CMOS
            Slew: FAST
            Input Sync needed: False
            Output Sync needed: False
            SC shield enabled: False
            POR State: ANY
            LCD Mode: COMMON
            Register Mode: RegComb
            CaSense Mode: NEITHER
            Treat as pin: True
            Is OE Registered: False
            Uses Analog: False
            Can contain Digital: True
            Is SIO: False
            SIO Output Buf: NONREGULATED
            SIO Input Buf: SINGLE_ENDED
            SIO HiFreq: LOW
            SIO Hyst: DISABLED
            SIO Vtrip: MULTIPLIER_0_5
            SIO Multiplier Index: 0
            SIO RefSel: VCC_IO
            Required Capabilitites: DIGITAL, ROUTABLE
            Initial Value: 1
            IO Voltage: 0
        PORT MAP (
            pa_out => SW_1(0)__PA ,
            fb => Net_199 ,
            pad => SW_1(0)_PAD );
        Properties:
        {
        }

    Pin : Name = PU_SDA(0)
        Attributes:
            In Group/Port: True
            In Sync Option: AUTO
            Out Sync Option: AUTO
            Interrupt generated: False
            Interrupt mode: NONE
            Drive mode: OPEN_DRAIN_HI
            VTrip: EITHER
            Slew: FAST
            Input Sync needed: False
            Output Sync needed: False
            SC shield enabled: False
            POR State: ANY
            LCD Mode: COMMON
            Register Mode: RegComb
            CaSense Mode: NEITHER
            Treat as pin: True
            Is OE Registered: False
            Uses Analog: True
            Can contain Digital: False
            Is SIO: False
            SIO Output Buf: NONREGULATED
            SIO Input Buf: SINGLE_ENDED
            SIO HiFreq: LOW
            SIO Hyst: DISABLED
            SIO Vtrip: MULTIPLIER_0_5
            SIO Multiplier Index: 0
            SIO RefSel: VCC_IO
            Required Capabilitites: ANALOG
            Initial Value: 1
            IO Voltage: 0
        PORT MAP (
            pa_out => PU_SDA(0)__PA ,
            analog_term => Net_341 ,
            annotation => Net_293 ,
            pad => PU_SDA(0)_PAD );
        Properties:
        {
        }

    Pin : Name = LED_Yellow(0)
        Attributes:
            In Group/Port: True
            In Sync Option: AUTO
            Out Sync Option: NOSYNC
            Interrupt generated: False
            Interrupt mode: NONE
            Drive mode: CMOS_OUT
            VTrip: EITHER
            Slew: FAST
            Input Sync needed: False
            Output Sync needed: False
            SC shield enabled: False
            POR State: ANY
            LCD Mode: COMMON
            Register Mode: RegComb
            CaSense Mode: NEITHER
            Treat as pin: True
            Is OE Registered: False
            Uses Analog: False
            Can contain Digital: True
            Is SIO: False
            SIO Output Buf: NONREGULATED
            SIO Input Buf: SINGLE_ENDED
            SIO HiFreq: LOW
            SIO Hyst: DISABLED
            SIO Vtrip: MULTIPLIER_0_5
            SIO Multiplier Index: 0
            SIO RefSel: VCC_IO
            Required Capabilitites: DIGITAL, ROUTABLE
            Initial Value: 1
            IO Voltage: 0
        PORT MAP (
            pa_out => LED_Yellow(0)__PA ,
            input => Net_158 ,
            pad => LED_Yellow(0)_PAD );
        Properties:
        {
        }

    Pin : Name = \USBUART_1:Dm(0)\
        Attributes:
            In Group/Port: True
            In Sync Option: AUTO
            Out Sync Option: AUTO
            Interrupt generated: False
            Interrupt mode: NONE
            Drive mode: HI_Z_ANALOG
            VTrip: EITHER
            Slew: FAST
            Input Sync needed: False
            Output Sync needed: False
            SC shield enabled: False
            POR State: ANY
            LCD Mode: COMMON
            Register Mode: RegComb
            CaSense Mode: NEITHER
            Treat as pin: True
            Is OE Registered: False
            Uses Analog: True
            Can contain Digital: False
            Is SIO: False
            SIO Output Buf: NONREGULATED
            SIO Input Buf: SINGLE_ENDED
            SIO HiFreq: LOW
            SIO Hyst: DISABLED
            SIO Vtrip: MULTIPLIER_0_5
            SIO Multiplier Index: 0
            SIO RefSel: VCC_IO
            Required Capabilitites: USB_D_MINUS
            Initial Value: 0
            IO Voltage: 0
        PORT MAP (
            pa_out => \USBUART_1:Dm(0)\__PA ,
            analog_term => \USBUART_1:Net_597\ ,
            pad => \USBUART_1:Dm(0)_PAD\ );
        Properties:
        {
        }

    Pin : Name = \USBUART_1:Dp(0)\
        Attributes:
            In Group/Port: True
            In Sync Option: SYNC
            Out Sync Option: AUTO
            Interrupt generated: True
            Interrupt mode: FALLING
            Drive mode: HI_Z_ANALOG
            VTrip: CMOS
            Slew: FAST
            Input Sync needed: True
            Output Sync needed: False
            SC shield enabled: False
            POR State: ANY
            LCD Mode: COMMON
            Register Mode: RegComb
            CaSense Mode: NEITHER
            Treat as pin: False
            Is OE Registered: False
            Uses Analog: True
            Can contain Digital: True
            Is SIO: False
            SIO Output Buf: NONREGULATED
            SIO Input Buf: SINGLE_ENDED
            SIO HiFreq: LOW
            SIO Hyst: DISABLED
            SIO Vtrip: MULTIPLIER_0_5
            SIO Multiplier Index: 0
            SIO RefSel: VCC_IO
            Required Capabilitites: USB_D_PLUS
            Initial Value: 1
            IO Voltage: 0
        PORT MAP (
            pa_out => \USBUART_1:Dp(0)\__PA ,
            analog_term => \USBUART_1:Net_1000\ ,
            pad => \USBUART_1:Dp(0)_PAD\ );
        Properties:
        {
        }

    Pin : Name = PU_SCL(0)
        Attributes:
            In Group/Port: True
            In Sync Option: AUTO
            Out Sync Option: AUTO
            Interrupt generated: False
            Interrupt mode: NONE
            Drive mode: OPEN_DRAIN_HI
            VTrip: EITHER
            Slew: FAST
            Input Sync needed: False
            Output Sync needed: False
            SC shield enabled: False
            POR State: ANY
            LCD Mode: COMMON
            Register Mode: RegComb
            CaSense Mode: NEITHER
            Treat as pin: True
            Is OE Registered: False
            Uses Analog: True
            Can contain Digital: False
            Is SIO: False
            SIO Output Buf: NONREGULATED
            SIO Input Buf: SINGLE_ENDED
            SIO HiFreq: LOW
            SIO Hyst: DISABLED
            SIO Vtrip: MULTIPLIER_0_5
            SIO Multiplier Index: 0
            SIO RefSel: VCC_IO
            Required Capabilitites: ANALOG
            Initial Value: 1
            IO Voltage: 0
        PORT MAP (
            pa_out => PU_SCL(0)__PA ,
            analog_term => Net_334 ,
            annotation => Net_217 ,
            pad => PU_SCL(0)_PAD );
        Properties:
        {
        }

    Pin : Name = SW_2(0)
        Attributes:
            In Group/Port: True
            In Sync Option: NOSYNC
            Out Sync Option: AUTO
            Interrupt generated: False
            Interrupt mode: NONE
            Drive mode: RES_PULL_UP
            VTrip: CMOS
            Slew: FAST
            Input Sync needed: False
            Output Sync needed: False
            SC shield enabled: False
            POR State: ANY
            LCD Mode: COMMON
            Register Mode: RegComb
            CaSense Mode: NEITHER
            Treat as pin: True
            Is OE Registered: False
            Uses Analog: False
            Can contain Digital: True
            Is SIO: False
            SIO Output Buf: NONREGULATED
            SIO Input Buf: SINGLE_ENDED
            SIO HiFreq: LOW
            SIO Hyst: DISABLED
            SIO Vtrip: MULTIPLIER_0_5
            SIO Multiplier Index: 0
            SIO RefSel: VCC_IO
            Required Capabilitites: DIGITAL, ROUTABLE
            Initial Value: 1
            IO Voltage: 0
        PORT MAP (
            pa_out => SW_2(0)__PA ,
            fb => Net_200 ,
            pad => SW_2(0)_PAD );
        Properties:
        {
        }

    Pin : Name = PU_SDA_2(0)
        Attributes:
            In Group/Port: True
            In Sync Option: AUTO
            Out Sync Option: NOSYNC
            Interrupt generated: False
            Interrupt mode: NONE
            Drive mode: OPEN_DRAIN_HI
            VTrip: EITHER
            Slew: FAST
            Input Sync needed: False
            Output Sync needed: False
            SC shield enabled: False
            POR State: ANY
            LCD Mode: COMMON
            Register Mode: RegComb
            CaSense Mode: NEITHER
            Treat as pin: True
            Is OE Registered: False
            Uses Analog: False
            Can contain Digital: True
            Is SIO: False
            SIO Output Buf: NONREGULATED
            SIO Input Buf: SINGLE_ENDED
            SIO HiFreq: LOW
            SIO Hyst: DISABLED
            SIO Vtrip: MULTIPLIER_0_5
            SIO Multiplier Index: 0
            SIO RefSel: VCC_IO
            Required Capabilitites: DIGITAL
            Initial Value: 1
            IO Voltage: 0
        PORT MAP (
            pa_out => PU_SDA_2(0)__PA ,
            annotation => Net_296 ,
            pad => PU_SDA_2(0)_PAD );
        Properties:
        {
        }

    Pin : Name = PU_SCL_2(0)
        Attributes:
            In Group/Port: True
            In Sync Option: AUTO
            Out Sync Option: NOSYNC
            Interrupt generated: False
            Interrupt mode: NONE
            Drive mode: OPEN_DRAIN_HI
            VTrip: EITHER
            Slew: FAST
            Input Sync needed: False
            Output Sync needed: False
            SC shield enabled: False
            POR State: ANY
            LCD Mode: COMMON
            Register Mode: RegComb
            CaSense Mode: NEITHER
            Treat as pin: True
            Is OE Registered: False
            Uses Analog: False
            Can contain Digital: True
            Is SIO: False
            SIO Output Buf: NONREGULATED
            SIO Input Buf: SINGLE_ENDED
            SIO HiFreq: LOW
            SIO Hyst: DISABLED
            SIO Vtrip: MULTIPLIER_0_5
            SIO Multiplier Index: 0
            SIO RefSel: VCC_IO
            Required Capabilitites: DIGITAL
            Initial Value: 1
            IO Voltage: 0
        PORT MAP (
            pa_out => PU_SCL_2(0)__PA ,
            annotation => Net_298 ,
            pad => PU_SCL_2(0)_PAD );
        Properties:
        {
        }
    </CYPRESSTAG>
    <CYPRESSTAG name="Macrocell listing" icon="FILE_RPT_EQUATION">

    ------------------------------------------------------------
    Macrocell listing
    ------------------------------------------------------------

    MacroCell: Name=__ONE__, Mode=(Combinatorial)
        Total # of inputs        : 0
        Total # of product terms : 0
            Clock Enable: True
        Main Equation            : 0 pterms
        !(
            0
        );
        Output = __ONE__ (fanout=1)
    </CYPRESSTAG>
    <CYPRESSTAG name="Datapath listing">
    </CYPRESSTAG>
    <CYPRESSTAG name="Status register listing">

    ------------------------------------------------------------
    Status register listing
    ------------------------------------------------------------

    statuscell: Name =\Status_Reg_1:sts:sts_reg\
        PORT MAP (
            status_1 => Net_200 ,
            status_0 => Net_199 );
        Properties:
        {
            cy_force_order = 1
            cy_md_select = "00000000"
        }
        Clock Enable: True
    </CYPRESSTAG>
    <CYPRESSTAG name="StatusI register listing">
    </CYPRESSTAG>
    <CYPRESSTAG name="Sync listing">
    </CYPRESSTAG>
    <CYPRESSTAG name="Control register listing">

    ------------------------------------------------------------
    Control register listing
    ------------------------------------------------------------

    controlcell: Name =\Control_Reg_1:Sync:ctrl_reg\
        PORT MAP (
            control_7 => \Control_Reg_1:control_7\ ,
            control_6 => \Control_Reg_1:control_6\ ,
            control_5 => \Control_Reg_1:control_5\ ,
            control_4 => \Control_Reg_1:control_4\ ,
            control_3 => \Control_Reg_1:control_3\ ,
            control_2 => \Control_Reg_1:control_2\ ,
            control_1 => Net_158 ,
            control_0 => Net_157 );
        Properties:
        {
            cy_ctrl_mode_0 = "00000000"
            cy_ctrl_mode_1 = "00000000"
            cy_ext_reset = 0
            cy_force_order = 1
            cy_init_value = "00000011"
        }
        Clock Enable: True
    </CYPRESSTAG>
    <CYPRESSTAG name="Count7 listing">
    </CYPRESSTAG>
    <CYPRESSTAG name="DRQ listing">
    </CYPRESSTAG>
    <CYPRESSTAG name="Interrupt listing">

    ------------------------------------------------------------
    Interrupt listing
    ------------------------------------------------------------

    interrupt: Name =\I2C_M:I2C_IRQ\
        PORT MAP (
            interrupt => \I2C_M:Net_643_2\ );
        Properties:
        {
            int_type = "00"
        }

    interrupt: Name =\USBUART_1:dp_int\
        PORT MAP (
            interrupt => \USBUART_1:Net_1010\ );
        Properties:
        {
            int_type = "10"
        }

    interrupt: Name =\USBUART_1:ord_int\
        PORT MAP (
            interrupt => \USBUART_1:Net_95\ );
        Properties:
        {
            int_type = "10"
        }

    interrupt: Name =\USBUART_1:ep_3\
        PORT MAP (
            interrupt => \USBUART_1:ep_int_3\ );
        Properties:
        {
            int_type = "10"
        }

    interrupt: Name =\USBUART_1:ep_2\
        PORT MAP (
            interrupt => \USBUART_1:ep_int_2\ );
        Properties:
        {
            int_type = "10"
        }

    interrupt: Name =\USBUART_1:ep_1\
        PORT MAP (
            interrupt => \USBUART_1:ep_int_1\ );
        Properties:
        {
            int_type = "10"
        }

    interrupt: Name =\USBUART_1:ep_0\
        PORT MAP (
            interrupt => \USBUART_1:ep_int_0\ );
        Properties:
        {
            int_type = "10"
        }

    interrupt: Name =\USBUART_1:bus_reset\
        PORT MAP (
            interrupt => \USBUART_1:Net_1876\ );
        Properties:
        {
            int_type = "10"
        }

    interrupt: Name =\USBUART_1:arb_int\
        PORT MAP (
            interrupt => \USBUART_1:Net_1889\ );
        Properties:
        {
            int_type = "10"
        }

    interrupt: Name =\USBUART_1:sof_int\
        PORT MAP (
            interrupt => Net_264 );
        Properties:
        {
            int_type = "10"
        }

    interrupt: Name =isr_ADC_DelSig
        PORT MAP (
            interrupt => Net_343 );
        Properties:
        {
            int_type = "10"
        }

    interrupt: Name =\ADC_DelSig:IRQ\
        PORT MAP (
            interrupt => Net_343 );
        Properties:
        {
            int_type = "10"
        }
    </CYPRESSTAG>
</CYPRESSTAG>
<CYPRESSTAG name="Technology mapping summary" expanded>

------------------------------------------------------------
Technology mapping summary
------------------------------------------------------------

Resource Type                 : Used : Free :  Max :  % Used
============================================================
Digital Clocks                :    2 :    6 :    8 : 25.00 %
Analog Clocks                 :    1 :    3 :    4 : 25.00 %
CapSense Buffers              :    0 :    2 :    2 :  0.00 %
Interrupts                    :   12 :   20 :   32 : 37.50 %
IO                            :   18 :   13 :   31 : 58.06 %
Segment LCD                   :    0 :    1 :    1 :  0.00 %
I2C                           :    1 :    0 :    1 : 100.00 %
USB                           :    1 :    0 :    1 : 100.00 %
DMA Channels                  :    0 :   24 :   24 :  0.00 %
Timer                         :    0 :    4 :    4 :  0.00 %
UDB                           :      :      :      :        
  Macrocells                  :    1 :  191 :  192 :  0.52 %
  Unique P-terms              :    0 :  384 :  384 :  0.00 %
  Total P-terms               :    0 :      :      :        
  Datapath Cells              :    0 :   24 :   24 :  0.00 %
  Status Cells                :    1 :   23 :   24 :  4.17 %
    Status Registers          :    1 :      :      :        
  Control Cells               :    1 :   23 :   24 :  4.17 %
    Control Registers         :    1 :      :      :        
Comparator                    :    0 :    2 :    2 :  0.00 %
Delta-Sigma ADC               :    1 :    0 :    1 : 100.00 %
LPF                           :    0 :    2 :    2 :  0.00 %
DAC                           :      :      :      :        
  VIDAC                       :    0 :    1 :    1 :  0.00 %
</CYPRESSTAG>
Technology Mapping: Elapsed time ==> 0s.013ms
Tech mapping phase: Elapsed time ==> 0s.092ms
</CYPRESSTAG>
<CYPRESSTAG name="Analog Placement">
Info: apr.M0002: Analog signal "\ADC_DelSig:Net_35\" is connected to one terminal only. (App=cydsfit)
Info: apr.M0085: Net_276 has a locked route but \ADC_DelSig:DSM\ which is part of the signal does not have a fixed placement. (App=cydsfit)
Info: apr.M0081: Locked Route of Net_276 touches dsm0+ that is not part of the logical design.
    dsm0+ will be unavailable for automated placement (App=cydsfit)
Initial Analog Placement Results:
IO_4@[IOP=(1)][IoId=(4)] : LED_Green(0) (fixed)
IO_5@[IOP=(1)][IoId=(5)] : LED_Yellow(0) (fixed)
IO_4@[IOP=(0)][IoId=(4)] : PU_SCL(0) (fixed)
IO_6@[IOP=(0)][IoId=(6)] : PU_SCL_2(0) (fixed)
IO_5@[IOP=(0)][IoId=(5)] : PU_SDA(0) (fixed)
IO_7@[IOP=(0)][IoId=(7)] : PU_SDA_2(0) (fixed)
IO_2@[IOP=(12)][IoId=(2)] : SCL_Master(0) (fixed)
IO_3@[IOP=(12)][IoId=(3)] : SDA_Master(0) (fixed)
IO_3@[IOP=(2)][IoId=(3)] : SW_1(0) (fixed)
IO_4@[IOP=(2)][IoId=(4)] : SW_2(0) (fixed)
IO_7@[IOP=(15)][IoId=(7)] : \USBUART_1:Dm(0)\ (fixed)
IO_6@[IOP=(15)][IoId=(6)] : \USBUART_1:Dp(0)\ (fixed)
DSM[0]@[FFB(DSM,0)] : \ADC_DelSig:DSM\
Vref[6]@[FFB(Vref,6)] : \ADC_DelSig:vRef_2\
USB[0]@[FFB(USB,0)] : \USBUART_1:USB\
Analog Placement Results:
IO_4@[IOP=(1)][IoId=(4)] : LED_Green(0) (fixed)
IO_5@[IOP=(1)][IoId=(5)] : LED_Yellow(0) (fixed)
IO_4@[IOP=(0)][IoId=(4)] : PU_SCL(0) (fixed)
IO_6@[IOP=(0)][IoId=(6)] : PU_SCL_2(0) (fixed)
IO_5@[IOP=(0)][IoId=(5)] : PU_SDA(0) (fixed)
IO_7@[IOP=(0)][IoId=(7)] : PU_SDA_2(0) (fixed)
IO_2@[IOP=(12)][IoId=(2)] : SCL_Master(0) (fixed)
IO_3@[IOP=(12)][IoId=(3)] : SDA_Master(0) (fixed)
IO_3@[IOP=(2)][IoId=(3)] : SW_1(0) (fixed)
IO_4@[IOP=(2)][IoId=(4)] : SW_2(0) (fixed)
IO_7@[IOP=(15)][IoId=(7)] : \USBUART_1:Dm(0)\ (fixed)
IO_6@[IOP=(15)][IoId=(6)] : \USBUART_1:Dp(0)\ (fixed)
DSM[0]@[FFB(DSM,0)] : \ADC_DelSig:DSM\
Vref[6]@[FFB(Vref,6)] : \ADC_DelSig:vRef_2\
USB[0]@[FFB(USB,0)] : \USBUART_1:USB\

Analog Placement phase: Elapsed time ==> 0s.027ms
</CYPRESSTAG>
<CYPRESSTAG name="Analog Routing">
Analog Routing phase: Elapsed time ==> 0s.003ms
</CYPRESSTAG>
<CYPRESSTAG name="Analog Code Generation">
============ Analog Final Answer Routes ============
Dump of CyAnalogRoutingResultsDB
Map of net to items {
  Net: Net_276 {
    dsm_0_vplus
  }
  Net: Net_334 {
    p0_4
  }
  Net: Net_341 {
    p0_5
  }
  Net: \ADC_DelSig:Net_20\ {
    dsm_0_vminus
  }
  Net: \ADC_DelSig:Net_244\ {
    common_vssa
  }
  Net: \ADC_DelSig:Net_35\ {
  }
  Net: \ADC_DelSig:Net_249\ {
  }
  Net: \ADC_DelSig:Net_257\ {
  }
  Net: \ADC_DelSig:Net_109\ {
  }
  Net: \ADC_DelSig:Net_34\ {
  }
  Net: AmuxNet::AMuxSeq {
    dsm_0_vplus
    agl5_x_dsm_0_vplus
    agl5
    agl5_x_p0_5
    agl4_x_dsm_0_vplus
    agl4
    agl4_x_p0_4
    p0_5
    p0_4
  }
  Net: AmuxNet::\ADC_DelSig:AMux\ {
    dsm_0_vminus
    dsm_0_vminus_x_dsm_0_vminus_vssa
    dsm_0_vminus_vssa
    common_vssa
  }
}
Map of item to net {
  dsm_0_vplus                                      -> Net_276
  p0_4                                             -> Net_334
  p0_5                                             -> Net_341
  dsm_0_vminus                                     -> \ADC_DelSig:Net_20\
  common_vssa                                      -> \ADC_DelSig:Net_244\
  agl5_x_dsm_0_vplus                               -> AmuxNet::AMuxSeq
  agl5                                             -> AmuxNet::AMuxSeq
  agl5_x_p0_5                                      -> AmuxNet::AMuxSeq
  agl4_x_dsm_0_vplus                               -> AmuxNet::AMuxSeq
  agl4                                             -> AmuxNet::AMuxSeq
  agl4_x_p0_4                                      -> AmuxNet::AMuxSeq
  dsm_0_vminus_x_dsm_0_vminus_vssa                 -> AmuxNet::\ADC_DelSig:AMux\
  dsm_0_vminus_vssa                                -> AmuxNet::\ADC_DelSig:AMux\
}
Mux Info {
  Mux: AMuxSeq {
     Mouth: Net_276
     Guts:  AmuxNet::AMuxSeq
     IsSingleSwitching: False
     IsStaticSwitching: True
     IsAtMostOneSwitch: True
    Arm: 0 {
      Net:   Net_334
      Outer: agl4_x_p0_4
      Inner: agl4_x_dsm_0_vplus
      Path {
        p0_4
        agl4_x_p0_4
        agl4
        agl4_x_dsm_0_vplus
        dsm_0_vplus
      }
    }
    Arm: 1 {
      Net:   Net_341
      Outer: agl5_x_p0_5
      Inner: agl5_x_dsm_0_vplus
      Path {
        p0_5
        agl5_x_p0_5
        agl5
        agl5_x_dsm_0_vplus
        dsm_0_vplus
      }
    }
  }
  Mux: \ADC_DelSig:AMux\ {
     Mouth: \ADC_DelSig:Net_20\
     Guts:  AmuxNet::\ADC_DelSig:AMux\
     IsSingleSwitching: False
     IsStaticSwitching: True
     IsAtMostOneSwitch: False
    Arm: 0 {
      Net:   \ADC_DelSig:Net_244\
      Outer: dsm_0_vminus_x_dsm_0_vminus_vssa
      Inner: __open__
      Path {
        common_vssa
        dsm_0_vminus_vssa
        dsm_0_vminus_x_dsm_0_vminus_vssa
        dsm_0_vminus
      }
    }
    Arm: 1 {
      Net:   \ADC_DelSig:Net_35\
      Outer: __open__
      Inner: __open__
      Path {
      }
    }
  }
}
Dump of CyP35AnalogRoutingResultsDB
IsVddaHalfUsedForComp = False
IsVddaHalfUsedForSar0 = False
IsVddaHalfUsedForSar1 = False
Analog Code Generation phase: Elapsed time ==> 0s.017ms
</CYPRESSTAG>
<CYPRESSTAG name="Digital Placement">
<CYPRESSTAG name="PLD Packing">
<CYPRESSTAG name="PLD Packing Summary" expanded>

------------------------------------------------------------
PLD Packing Summary
------------------------------------------------------------
            Resource Type : Used : Free :  Max :  % Used
    ====================================================
                     PLDs :    1 :   47 :   48 :   2.08%

<CYPRESSTAG name="PLD Statistics">

        PLD Resource Type :     Average/LAB
    =======================================
                   Inputs :            0.00
                   Pterms :            0.00
               Macrocells :            1.00
</CYPRESSTAG>
<CYPRESSTAG name="Packed PLD Contents">
Packed PLD Contents not displayed at this verbose level.</CYPRESSTAG>
</CYPRESSTAG>
PLD Packing: Elapsed time ==> 0s.002ms
</CYPRESSTAG>
<CYPRESSTAG name="Partitioning">
<CYPRESSTAG name="Initial Partitioning Summary">
Initial Partitioning Summary not displayed at this verbose level.</CYPRESSTAG>
<CYPRESSTAG name="Final Partitioning Summary">
Final Partitioning Summary not displayed at this verbose level.</CYPRESSTAG>
Partitioning: Elapsed time ==> 0s.029ms
</CYPRESSTAG>
<CYPRESSTAG name="Simulated Annealing">
Annealing: Elapsed time ==> 0s.001ms
<CYPRESSTAG name="Simulated Annealing Results">
The seed used for moves was 114161200.
Inital cost was 282, final cost is 282 (0.00% improvement).</CYPRESSTAG>
</CYPRESSTAG>
<CYPRESSTAG name="Final Placement Summary">

------------------------------------------------------------
Final Placement Summary
------------------------------------------------------------

       Resource Type :      Count : Avg Inputs : Avg Outputs
    ========================================================
                 UDB :          1 :       0.00 :       1.00
<CYPRESSTAG name="Final Placement Details">
<CYPRESSTAG name="Component Details">

------------------------------------------------------------
Component Placement Details
------------------------------------------------------------
UDB [UDB=(0,0)] is empty.
UDB [UDB=(0,1)] is empty.
UDB [UDB=(0,2)] contents:
LAB@[UDB=(0,2)][LB=0] #macrocells=1, #inputs=0, #pterms=0
{
    [McSlotId=0]:     MacroCell: Name=__ONE__, Mode=(Combinatorial) @ [UDB=(0,2)][LB=0][MC=0]
        Total # of inputs        : 0
        Total # of product terms : 0
            Clock Enable: True
        Main Equation            : 0 pterms
        !(
            0
        );
        Output = __ONE__ (fanout=1)
        Properties               : 
        {
        }

    [McSlotId=1]: (empty)
    [McSlotId=2]: (empty)
    [McSlotId=3]: (empty)
}

statuscell: Name =\Status_Reg_1:sts:sts_reg\
    PORT MAP (
        status_1 => Net_200 ,
        status_0 => Net_199 );
    Properties:
    {
        cy_force_order = 1
        cy_md_select = "00000000"
    }
    Clock Enable: True

controlcell: Name =\Control_Reg_1:Sync:ctrl_reg\
    PORT MAP (
        control_7 => \Control_Reg_1:control_7\ ,
        control_6 => \Control_Reg_1:control_6\ ,
        control_5 => \Control_Reg_1:control_5\ ,
        control_4 => \Control_Reg_1:control_4\ ,
        control_3 => \Control_Reg_1:control_3\ ,
        control_2 => \Control_Reg_1:control_2\ ,
        control_1 => Net_158 ,
        control_0 => Net_157 );
    Properties:
    {
        cy_ctrl_mode_0 = "00000000"
        cy_ctrl_mode_1 = "00000000"
        cy_ext_reset = 0
        cy_force_order = 1
        cy_init_value = "00000011"
    }
    Clock Enable: True

UDB [UDB=(0,3)] is empty.
UDB [UDB=(0,4)] is empty.
UDB [UDB=(0,5)] is empty.
UDB [UDB=(1,0)] is empty.
UDB [UDB=(1,1)] is empty.
UDB [UDB=(1,2)] is empty.
UDB [UDB=(1,3)] is empty.
UDB [UDB=(1,4)] is empty.
UDB [UDB=(1,5)] is empty.
UDB [UDB=(2,0)] is empty.
UDB [UDB=(2,1)] is empty.
UDB [UDB=(2,2)] is empty.
UDB [UDB=(2,3)] is empty.
UDB [UDB=(2,4)] is empty.
UDB [UDB=(2,5)] is empty.
UDB [UDB=(3,0)] is empty.
UDB [UDB=(3,1)] is empty.
UDB [UDB=(3,2)] is empty.
UDB [UDB=(3,3)] is empty.
UDB [UDB=(3,4)] is empty.
UDB [UDB=(3,5)] is empty.
Intr container @ [IntrContainer=(0)]: 
  Intr@ [IntrContainer=(0)][IntrId=(0)] 
    interrupt: Name =\USBUART_1:ep_1\
        PORT MAP (
            interrupt => \USBUART_1:ep_int_1\ );
        Properties:
        {
            int_type = "10"
        }
  Intr@ [IntrContainer=(0)][IntrId=(1)] 
    interrupt: Name =\USBUART_1:ep_2\
        PORT MAP (
            interrupt => \USBUART_1:ep_int_2\ );
        Properties:
        {
            int_type = "10"
        }
  Intr@ [IntrContainer=(0)][IntrId=(2)] 
    interrupt: Name =\USBUART_1:ep_3\
        PORT MAP (
            interrupt => \USBUART_1:ep_int_3\ );
        Properties:
        {
            int_type = "10"
        }
  Intr@ [IntrContainer=(0)][IntrId=(3)] 
    interrupt: Name =isr_ADC_DelSig
        PORT MAP (
            interrupt => Net_343 );
        Properties:
        {
            int_type = "10"
        }
  Intr@ [IntrContainer=(0)][IntrId=(12)] 
    interrupt: Name =\USBUART_1:dp_int\
        PORT MAP (
            interrupt => \USBUART_1:Net_1010\ );
        Properties:
        {
            int_type = "10"
        }
  Intr@ [IntrContainer=(0)][IntrId=(15)] 
    interrupt: Name =\I2C_M:I2C_IRQ\
        PORT MAP (
            interrupt => \I2C_M:Net_643_2\ );
        Properties:
        {
            int_type = "00"
        }
  Intr@ [IntrContainer=(0)][IntrId=(21)] 
    interrupt: Name =\USBUART_1:sof_int\
        PORT MAP (
            interrupt => Net_264 );
        Properties:
        {
            int_type = "10"
        }
  Intr@ [IntrContainer=(0)][IntrId=(22)] 
    interrupt: Name =\USBUART_1:arb_int\
        PORT MAP (
            interrupt => \USBUART_1:Net_1889\ );
        Properties:
        {
            int_type = "10"
        }
  Intr@ [IntrContainer=(0)][IntrId=(23)] 
    interrupt: Name =\USBUART_1:bus_reset\
        PORT MAP (
            interrupt => \USBUART_1:Net_1876\ );
        Properties:
        {
            int_type = "10"
        }
  Intr@ [IntrContainer=(0)][IntrId=(24)] 
    interrupt: Name =\USBUART_1:ep_0\
        PORT MAP (
            interrupt => \USBUART_1:ep_int_0\ );
        Properties:
        {
            int_type = "10"
        }
  Intr@ [IntrContainer=(0)][IntrId=(25)] 
    interrupt: Name =\USBUART_1:ord_int\
        PORT MAP (
            interrupt => \USBUART_1:Net_95\ );
        Properties:
        {
            int_type = "10"
        }
  Intr@ [IntrContainer=(0)][IntrId=(29)] 
    interrupt: Name =\ADC_DelSig:IRQ\
        PORT MAP (
            interrupt => Net_343 );
        Properties:
        {
            int_type = "10"
        }
Drq container @ [DrqContainer=(0)]: empty
Port 0 contains the following IO cells:
[IoId=4]: 
Pin : Name = PU_SCL(0)
    Attributes:
        In Group/Port: True
        In Sync Option: AUTO
        Out Sync Option: AUTO
        Interrupt generated: False
        Interrupt mode: NONE
        Drive mode: OPEN_DRAIN_HI
        VTrip: EITHER
        Slew: FAST
        Input Sync needed: False
        Output Sync needed: False
        SC shield enabled: False
        POR State: ANY
        LCD Mode: COMMON
        Register Mode: RegComb
        CaSense Mode: NEITHER
        Treat as pin: True
        Is OE Registered: False
        Uses Analog: True
        Can contain Digital: False
        Is SIO: False
        SIO Output Buf: NONREGULATED
        SIO Input Buf: SINGLE_ENDED
        SIO HiFreq: LOW
        SIO Hyst: DISABLED
        SIO Vtrip: MULTIPLIER_0_5
        SIO Multiplier Index: 0
        SIO RefSel: VCC_IO
        Required Capabilitites: ANALOG
        Initial Value: 1
        IO Voltage: 0
    PORT MAP (
        pa_out => PU_SCL(0)__PA ,
        analog_term => Net_334 ,
        annotation => Net_217 ,
        pad => PU_SCL(0)_PAD );
    Properties:
    {
    }

[IoId=5]: 
Pin : Name = PU_SDA(0)
    Attributes:
        In Group/Port: True
        In Sync Option: AUTO
        Out Sync Option: AUTO
        Interrupt generated: False
        Interrupt mode: NONE
        Drive mode: OPEN_DRAIN_HI
        VTrip: EITHER
        Slew: FAST
        Input Sync needed: False
        Output Sync needed: False
        SC shield enabled: False
        POR State: ANY
        LCD Mode: COMMON
        Register Mode: RegComb
        CaSense Mode: NEITHER
        Treat as pin: True
        Is OE Registered: False
        Uses Analog: True
        Can contain Digital: False
        Is SIO: False
        SIO Output Buf: NONREGULATED
        SIO Input Buf: SINGLE_ENDED
        SIO HiFreq: LOW
        SIO Hyst: DISABLED
        SIO Vtrip: MULTIPLIER_0_5
        SIO Multiplier Index: 0
        SIO RefSel: VCC_IO
        Required Capabilitites: ANALOG
        Initial Value: 1
        IO Voltage: 0
    PORT MAP (
        pa_out => PU_SDA(0)__PA ,
        analog_term => Net_341 ,
        annotation => Net_293 ,
        pad => PU_SDA(0)_PAD );
    Properties:
    {
    }

[IoId=6]: 
Pin : Name = PU_SCL_2(0)
    Attributes:
        In Group/Port: True
        In Sync Option: AUTO
        Out Sync Option: NOSYNC
        Interrupt generated: False
        Interrupt mode: NONE
        Drive mode: OPEN_DRAIN_HI
        VTrip: EITHER
        Slew: FAST
        Input Sync needed: False
        Output Sync needed: False
        SC shield enabled: False
        POR State: ANY
        LCD Mode: COMMON
        Register Mode: RegComb
        CaSense Mode: NEITHER
        Treat as pin: True
        Is OE Registered: False
        Uses Analog: False
        Can contain Digital: True
        Is SIO: False
        SIO Output Buf: NONREGULATED
        SIO Input Buf: SINGLE_ENDED
        SIO HiFreq: LOW
        SIO Hyst: DISABLED
        SIO Vtrip: MULTIPLIER_0_5
        SIO Multiplier Index: 0
        SIO RefSel: VCC_IO
        Required Capabilitites: DIGITAL
        Initial Value: 1
        IO Voltage: 0
    PORT MAP (
        pa_out => PU_SCL_2(0)__PA ,
        annotation => Net_298 ,
        pad => PU_SCL_2(0)_PAD );
    Properties:
    {
    }

[IoId=7]: 
Pin : Name = PU_SDA_2(0)
    Attributes:
        In Group/Port: True
        In Sync Option: AUTO
        Out Sync Option: NOSYNC
        Interrupt generated: False
        Interrupt mode: NONE
        Drive mode: OPEN_DRAIN_HI
        VTrip: EITHER
        Slew: FAST
        Input Sync needed: False
        Output Sync needed: False
        SC shield enabled: False
        POR State: ANY
        LCD Mode: COMMON
        Register Mode: RegComb
        CaSense Mode: NEITHER
        Treat as pin: True
        Is OE Registered: False
        Uses Analog: False
        Can contain Digital: True
        Is SIO: False
        SIO Output Buf: NONREGULATED
        SIO Input Buf: SINGLE_ENDED
        SIO HiFreq: LOW
        SIO Hyst: DISABLED
        SIO Vtrip: MULTIPLIER_0_5
        SIO Multiplier Index: 0
        SIO RefSel: VCC_IO
        Required Capabilitites: DIGITAL
        Initial Value: 1
        IO Voltage: 0
    PORT MAP (
        pa_out => PU_SDA_2(0)__PA ,
        annotation => Net_296 ,
        pad => PU_SDA_2(0)_PAD );
    Properties:
    {
    }

Port 1 contains the following IO cells:
[IoId=4]: 
Pin : Name = LED_Green(0)
    Attributes:
        In Group/Port: True
        In Sync Option: AUTO
        Out Sync Option: NOSYNC
        Interrupt generated: False
        Interrupt mode: NONE
        Drive mode: CMOS_OUT
        VTrip: EITHER
        Slew: FAST
        Input Sync needed: False
        Output Sync needed: False
        SC shield enabled: False
        POR State: ANY
        LCD Mode: COMMON
        Register Mode: RegComb
        CaSense Mode: NEITHER
        Treat as pin: True
        Is OE Registered: False
        Uses Analog: False
        Can contain Digital: True
        Is SIO: False
        SIO Output Buf: NONREGULATED
        SIO Input Buf: SINGLE_ENDED
        SIO HiFreq: LOW
        SIO Hyst: DISABLED
        SIO Vtrip: MULTIPLIER_0_5
        SIO Multiplier Index: 0
        SIO RefSel: VCC_IO
        Required Capabilitites: DIGITAL, ROUTABLE
        Initial Value: 1
        IO Voltage: 0
    PORT MAP (
        pa_out => LED_Green(0)__PA ,
        input => Net_157 ,
        pad => LED_Green(0)_PAD );
    Properties:
    {
    }

[IoId=5]: 
Pin : Name = LED_Yellow(0)
    Attributes:
        In Group/Port: True
        In Sync Option: AUTO
        Out Sync Option: NOSYNC
        Interrupt generated: False
        Interrupt mode: NONE
        Drive mode: CMOS_OUT
        VTrip: EITHER
        Slew: FAST
        Input Sync needed: False
        Output Sync needed: False
        SC shield enabled: False
        POR State: ANY
        LCD Mode: COMMON
        Register Mode: RegComb
        CaSense Mode: NEITHER
        Treat as pin: True
        Is OE Registered: False
        Uses Analog: False
        Can contain Digital: True
        Is SIO: False
        SIO Output Buf: NONREGULATED
        SIO Input Buf: SINGLE_ENDED
        SIO HiFreq: LOW
        SIO Hyst: DISABLED
        SIO Vtrip: MULTIPLIER_0_5
        SIO Multiplier Index: 0
        SIO RefSel: VCC_IO
        Required Capabilitites: DIGITAL, ROUTABLE
        Initial Value: 1
        IO Voltage: 0
    PORT MAP (
        pa_out => LED_Yellow(0)__PA ,
        input => Net_158 ,
        pad => LED_Yellow(0)_PAD );
    Properties:
    {
    }

Port 2 contains the following IO cells:
[IoId=3]: 
Pin : Name = SW_1(0)
    Attributes:
        In Group/Port: True
        In Sync Option: NOSYNC
        Out Sync Option: AUTO
        Interrupt generated: False
        Interrupt mode: NONE
        Drive mode: RES_PULL_UP
        VTrip: CMOS
        Slew: FAST
        Input Sync needed: False
        Output Sync needed: False
        SC shield enabled: False
        POR State: ANY
        LCD Mode: COMMON
        Register Mode: RegComb
        CaSense Mode: NEITHER
        Treat as pin: True
        Is OE Registered: False
        Uses Analog: False
        Can contain Digital: True
        Is SIO: False
        SIO Output Buf: NONREGULATED
        SIO Input Buf: SINGLE_ENDED
        SIO HiFreq: LOW
        SIO Hyst: DISABLED
        SIO Vtrip: MULTIPLIER_0_5
        SIO Multiplier Index: 0
        SIO RefSel: VCC_IO
        Required Capabilitites: DIGITAL, ROUTABLE
        Initial Value: 1
        IO Voltage: 0
    PORT MAP (
        pa_out => SW_1(0)__PA ,
        fb => Net_199 ,
        pad => SW_1(0)_PAD );
    Properties:
    {
    }

[IoId=4]: 
Pin : Name = SW_2(0)
    Attributes:
        In Group/Port: True
        In Sync Option: NOSYNC
        Out Sync Option: AUTO
        Interrupt generated: False
        Interrupt mode: NONE
        Drive mode: RES_PULL_UP
        VTrip: CMOS
        Slew: FAST
        Input Sync needed: False
        Output Sync needed: False
        SC shield enabled: False
        POR State: ANY
        LCD Mode: COMMON
        Register Mode: RegComb
        CaSense Mode: NEITHER
        Treat as pin: True
        Is OE Registered: False
        Uses Analog: False
        Can contain Digital: True
        Is SIO: False
        SIO Output Buf: NONREGULATED
        SIO Input Buf: SINGLE_ENDED
        SIO HiFreq: LOW
        SIO Hyst: DISABLED
        SIO Vtrip: MULTIPLIER_0_5
        SIO Multiplier Index: 0
        SIO RefSel: VCC_IO
        Required Capabilitites: DIGITAL, ROUTABLE
        Initial Value: 1
        IO Voltage: 0
    PORT MAP (
        pa_out => SW_2(0)__PA ,
        fb => Net_200 ,
        pad => SW_2(0)_PAD );
    Properties:
    {
    }

Port 12 contains the following IO cells:
[IoId=2]: 
Pin : Name = SCL_Master(0)
    Attributes:
        In Group/Port: True
        In Sync Option: SYNC
        Out Sync Option: NOSYNC
        Interrupt generated: False
        Interrupt mode: NONE
        Drive mode: OPEN_DRAIN_LO
        VTrip: CMOS
        Slew: FAST
        Input Sync needed: True
        Output Sync needed: False
        SC shield enabled: False
        POR State: ANY
        LCD Mode: COMMON
        Register Mode: RegComb
        CaSense Mode: NEITHER
        Treat as pin: True
        Is OE Registered: False
        Uses Analog: False
        Can contain Digital: True
        Is SIO: False
        SIO Output Buf: NONREGULATED
        SIO Input Buf: SINGLE_ENDED
        SIO HiFreq: LOW
        SIO Hyst: DISABLED
        SIO Vtrip: MULTIPLIER_0_5
        SIO Multiplier Index: 0
        SIO RefSel: VCC_IO
        Required Capabilitites: DIGITAL, ROUTABLE
        Initial Value: 0
        IO Voltage: 0
    PORT MAP (
        pa_out => SCL_Master(0)__PA ,
        fb => \I2C_M:Net_1109_0\ ,
        input => \I2C_M:Net_643_0\ ,
        annotation => Net_67 ,
        pad => SCL_Master(0)_PAD );
    Properties:
    {
    }

[IoId=3]: 
Pin : Name = SDA_Master(0)
    Attributes:
        In Group/Port: True
        In Sync Option: SYNC
        Out Sync Option: NOSYNC
        Interrupt generated: False
        Interrupt mode: NONE
        Drive mode: OPEN_DRAIN_LO
        VTrip: CMOS
        Slew: FAST
        Input Sync needed: True
        Output Sync needed: False
        SC shield enabled: False
        POR State: ANY
        LCD Mode: COMMON
        Register Mode: RegComb
        CaSense Mode: NEITHER
        Treat as pin: True
        Is OE Registered: False
        Uses Analog: False
        Can contain Digital: True
        Is SIO: False
        SIO Output Buf: NONREGULATED
        SIO Input Buf: SINGLE_ENDED
        SIO HiFreq: LOW
        SIO Hyst: DISABLED
        SIO Vtrip: MULTIPLIER_0_5
        SIO Multiplier Index: 0
        SIO RefSel: VCC_IO
        Required Capabilitites: DIGITAL, ROUTABLE
        Initial Value: 0
        IO Voltage: 0
    PORT MAP (
        pa_out => SDA_Master(0)__PA ,
        fb => \I2C_M:Net_1109_1\ ,
        input => \I2C_M:Net_643_1\ ,
        annotation => Net_136 ,
        pad => SDA_Master(0)_PAD );
    Properties:
    {
    }

Port 15 generates interrupt for logical port:
    logicalport: Name =\USBUART_1:Dp\
        PORT MAP (
            in_clock_en => tmpOE__SDA_Master_net_0 ,
            in_reset => zero ,
            out_clock_en => tmpOE__SDA_Master_net_0 ,
            out_reset => zero ,
            interrupt => \USBUART_1:Net_1010\ ,
            in_clock => ClockBlock_BUS_CLK );
        Properties:
        {
            drive_mode = "000"
            ibuf_enabled = "0"
            id = "c39ef993-d787-4c0c-8ad6-c0c81f866442/618a72fc-5ddd-4df5-958f-a3d55102db42"
            init_dr_st = "1"
            input_buffer_sel = "00"
            input_clk_en = 0
            input_sync = "1"
            input_sync_mode = "0"
            intr_mode = "10"
            invert_in_clock = 0
            invert_in_clock_en = 0
            invert_in_reset = 0
            invert_out_clock = 0
            invert_out_clock_en = 0
            invert_out_reset = 0
            io_voltage = ""
            layout_mode = "CONTIGUOUS"
            oe_conn = "0"
            oe_reset = 0
            oe_sync = "0"
            output_clk_en = 0
            output_clock_mode = "0"
            output_conn = "0"
            output_mode = "0"
            output_reset = 0
            output_sync = "0"
            ovt_hyst_trim = "0"
            ovt_needed = "0"
            ovt_slew_control = "00"
            pa_in_clock = -1
            pa_in_clock_en = -1
            pa_in_reset = -1
            pa_out_clock = -1
            pa_out_clock_en = -1
            pa_out_reset = -1
            pin_aliases = ""
            pin_mode = "I"
            por_state = 4
            port_alias_group = ""
            port_alias_required = 0
            sio_group_cnt = 0
            sio_hifreq = "00000000"
            sio_hyst = "1"
            sio_ibuf = "00000000"
            sio_info = "00"
            sio_obuf = "00000000"
            sio_refsel = "00000000"
            sio_vohsel = "00000000"
            sio_vtrip = "00000000"
            slew_rate = "0"
            spanning = 0
            sw_only = 0
            use_annotation = "0"
            vtrip = "00"
            width = 1
        }
    and contains the following IO cells:
[IoId=6]: 
Pin : Name = \USBUART_1:Dp(0)\
    Attributes:
        In Group/Port: True
        In Sync Option: SYNC
        Out Sync Option: AUTO
        Interrupt generated: True
        Interrupt mode: FALLING
        Drive mode: HI_Z_ANALOG
        VTrip: CMOS
        Slew: FAST
        Input Sync needed: True
        Output Sync needed: False
        SC shield enabled: False
        POR State: ANY
        LCD Mode: COMMON
        Register Mode: RegComb
        CaSense Mode: NEITHER
        Treat as pin: False
        Is OE Registered: False
        Uses Analog: True
        Can contain Digital: True
        Is SIO: False
        SIO Output Buf: NONREGULATED
        SIO Input Buf: SINGLE_ENDED
        SIO HiFreq: LOW
        SIO Hyst: DISABLED
        SIO Vtrip: MULTIPLIER_0_5
        SIO Multiplier Index: 0
        SIO RefSel: VCC_IO
        Required Capabilitites: USB_D_PLUS
        Initial Value: 1
        IO Voltage: 0
    PORT MAP (
        pa_out => \USBUART_1:Dp(0)\__PA ,
        analog_term => \USBUART_1:Net_1000\ ,
        pad => \USBUART_1:Dp(0)_PAD\ );
    Properties:
    {
    }

[IoId=7]: 
Pin : Name = \USBUART_1:Dm(0)\
    Attributes:
        In Group/Port: True
        In Sync Option: AUTO
        Out Sync Option: AUTO
        Interrupt generated: False
        Interrupt mode: NONE
        Drive mode: HI_Z_ANALOG
        VTrip: EITHER
        Slew: FAST
        Input Sync needed: False
        Output Sync needed: False
        SC shield enabled: False
        POR State: ANY
        LCD Mode: COMMON
        Register Mode: RegComb
        CaSense Mode: NEITHER
        Treat as pin: True
        Is OE Registered: False
        Uses Analog: True
        Can contain Digital: False
        Is SIO: False
        SIO Output Buf: NONREGULATED
        SIO Input Buf: SINGLE_ENDED
        SIO HiFreq: LOW
        SIO Hyst: DISABLED
        SIO Vtrip: MULTIPLIER_0_5
        SIO Multiplier Index: 0
        SIO RefSel: VCC_IO
        Required Capabilitites: USB_D_MINUS
        Initial Value: 0
        IO Voltage: 0
    PORT MAP (
        pa_out => \USBUART_1:Dm(0)\__PA ,
        analog_term => \USBUART_1:Net_597\ ,
        pad => \USBUART_1:Dm(0)_PAD\ );
    Properties:
    {
    }

CAN 2.0b group 0: empty
Cache group 0: empty
CapSense group 0: empty
Clock group 0: 
    Clock Block @ F(Clock,0): 
    clockblockcell: Name =ClockBlock
        PORT MAP (
            imo => ClockBlock_IMO ,
            pllout => ClockBlock_PLL_OUT ,
            ilo => ClockBlock_ILO ,
            clk_100k => ClockBlock_100k ,
            clk_1k => ClockBlock_1k ,
            clk_32k => ClockBlock_32k ,
            xtal => ClockBlock_XTAL ,
            clk_32k_xtal => ClockBlock_XTAL_32KHZ ,
            clk_sync => ClockBlock_MASTER_CLK ,
            clk_bus_glb => ClockBlock_BUS_CLK ,
            clk_bus => ClockBlock_BUS_CLK_local ,
            dclk_glb_0 => \ADC_DelSig:Net_93\ ,
            dclk_0 => \ADC_DelSig:Net_93_local\ ,
            dclk_glb_1 => Net_203 ,
            dclk_1 => Net_203_local ,
            aclk_glb_0 => \ADC_DelSig:Net_488\ ,
            aclk_0 => \ADC_DelSig:Net_488_local\ ,
            clk_a_dig_glb_0 => \ADC_DelSig:Net_488_adig\ ,
            clk_a_dig_0 => \ADC_DelSig:Net_488_adig_local\ );
        Properties:
        {
        }
Comparator group 0: empty
Digital Filter Block group 0: empty
Delta-Sigma ADC group 0: 
    DS Modulator @ F(DSM,0): 
    dsmodcell: Name =\ADC_DelSig:DSM\
        PORT MAP (
            aclock => \ADC_DelSig:Net_488\ ,
            vplus => Net_276 ,
            vminus => \ADC_DelSig:Net_20\ ,
            reset_dec => \ADC_DelSig:mod_reset\ ,
            extclk_cp_udb => \ADC_DelSig:Net_93_local\ ,
            ext_pin_1 => \ADC_DelSig:Net_249\ ,
            ext_pin_2 => \ADC_DelSig:Net_257\ ,
            ext_vssa => \ADC_DelSig:Net_109\ ,
            qtz_ref => \ADC_DelSig:Net_34\ ,
            dec_clock => \ADC_DelSig:aclock\ ,
            mod_dat_3 => \ADC_DelSig:mod_dat_3\ ,
            mod_dat_2 => \ADC_DelSig:mod_dat_2\ ,
            mod_dat_1 => \ADC_DelSig:mod_dat_1\ ,
            mod_dat_0 => \ADC_DelSig:mod_dat_0\ ,
            dout_udb_7 => \ADC_DelSig:Net_245_7\ ,
            dout_udb_6 => \ADC_DelSig:Net_245_6\ ,
            dout_udb_5 => \ADC_DelSig:Net_245_5\ ,
            dout_udb_4 => \ADC_DelSig:Net_245_4\ ,
            dout_udb_3 => \ADC_DelSig:Net_245_3\ ,
            dout_udb_2 => \ADC_DelSig:Net_245_2\ ,
            dout_udb_1 => \ADC_DelSig:Net_245_1\ ,
            dout_udb_0 => \ADC_DelSig:Net_245_0\ );
        Properties:
        {
            cy_registers = ""
            resolution = 8
        }
Decimator group 0: 
    Decimator Block @ F(Decimator,0): 
    decimatorcell: Name =\ADC_DelSig:DEC\
        PORT MAP (
            aclock => \ADC_DelSig:aclock\ ,
            mod_dat_3 => \ADC_DelSig:mod_dat_3\ ,
            mod_dat_2 => \ADC_DelSig:mod_dat_2\ ,
            mod_dat_1 => \ADC_DelSig:mod_dat_1\ ,
            mod_dat_0 => \ADC_DelSig:mod_dat_0\ ,
            ext_start => __ONE__ ,
            modrst => \ADC_DelSig:mod_reset\ ,
            interrupt => Net_343 );
        Properties:
        {
            cy_registers = ""
        }
EMIF group 0: empty
I2C group 0: 
    I2C Block @ F(I2C,0): 
    i2ccell: Name =\I2C_M:I2C_FF\
        PORT MAP (
            clock => ClockBlock_BUS_CLK ,
            scl_in => \I2C_M:Net_1109_0\ ,
            sda_in => \I2C_M:Net_1109_1\ ,
            scl_out => \I2C_M:Net_643_0\ ,
            sda_out => \I2C_M:Net_643_1\ ,
            interrupt => \I2C_M:Net_643_2\ );
        Properties:
        {
            cy_registers = ""
            use_wakeup = 0
        }
Segment LCD group 0: empty
LVD group 0: empty
PM group 0: empty
SPC group 0: empty
Timer group 0: empty
USB group 0: 
    USB Block @ F(USB,0): 
    usbcell: Name =\USBUART_1:USB\
        PORT MAP (
            dp => \USBUART_1:Net_1000\ ,
            dm => \USBUART_1:Net_597\ ,
            sof_int => Net_264 ,
            arb_int => \USBUART_1:Net_1889\ ,
            usb_int => \USBUART_1:Net_1876\ ,
            ept_int_8 => \USBUART_1:ep_int_8\ ,
            ept_int_7 => \USBUART_1:ep_int_7\ ,
            ept_int_6 => \USBUART_1:ep_int_6\ ,
            ept_int_5 => \USBUART_1:ep_int_5\ ,
            ept_int_4 => \USBUART_1:ep_int_4\ ,
            ept_int_3 => \USBUART_1:ep_int_3\ ,
            ept_int_2 => \USBUART_1:ep_int_2\ ,
            ept_int_1 => \USBUART_1:ep_int_1\ ,
            ept_int_0 => \USBUART_1:ep_int_0\ ,
            ord_int => \USBUART_1:Net_95\ ,
            dma_req_7 => \USBUART_1:dma_request_7\ ,
            dma_req_6 => \USBUART_1:dma_request_6\ ,
            dma_req_5 => \USBUART_1:dma_request_5\ ,
            dma_req_4 => \USBUART_1:dma_request_4\ ,
            dma_req_3 => \USBUART_1:dma_request_3\ ,
            dma_req_2 => \USBUART_1:dma_request_2\ ,
            dma_req_1 => \USBUART_1:dma_request_1\ ,
            dma_req_0 => \USBUART_1:dma_request_0\ ,
            dma_termin => \USBUART_1:dma_terminate\ );
        Properties:
        {
            cy_registers = ""
        }
VIDAC group 0: empty
CapSense Buffers group 0: empty
Vref group 0: 
    Vref Block @ F(Vref,6): 
    vrefcell: Name =\ADC_DelSig:vRef_2\
        PORT MAP (
            vout => \ADC_DelSig:Net_244\ );
        Properties:
        {
            autoenable = 1
            guid = "15B3DB15-B7B3-4d62-A2DF-25EA392A7161"
            ignoresleep = 0
            name = "Vssa (GND)"
        }
LPF group 0: empty

Blocks not positioned by the digital component placer:
    Amux Block @ <No Location>: 
    amuxcell: Name =AMuxSeq
        PORT MAP (
            muxin_1 => Net_341 ,
            muxin_0 => Net_334 ,
            vout => Net_276 );
        Properties:
        {
            api_type = 1
            connect_mode = 1
            cy_registers = ""
            hw_control = 0
            init_mux_sel = "00"
            muxin_width = 2
            one_active = 1
        }
    Amux Block @ <No Location>: 
    amuxcell: Name =\ADC_DelSig:AMux\
        PORT MAP (
            muxin_1 => \ADC_DelSig:Net_35\ ,
            muxin_0 => \ADC_DelSig:Net_244\ ,
            vout => \ADC_DelSig:Net_20\ );
        Properties:
        {
            api_type = 0
            connect_mode = 1
            cy_registers = ""
            hw_control = 0
            init_mux_sel = "00"
            muxin_width = 2
            one_active = 0
        }
</CYPRESSTAG>
<CYPRESSTAG name="Port Configuration Details">

------------------------------------------------------------
Port Configuration report
------------------------------------------------------------
     |     |       | Interrupt |                  |                   | 
Port | Pin | Fixed |      Type |       Drive Mode |              Name | Connections
-----+-----+-------+-----------+------------------+-------------------+----------------------------------------------
   0 |   4 |     * |      NONE |    OPEN_DRAIN_HI |         PU_SCL(0) | Analog(Net_334)
     |   5 |     * |      NONE |    OPEN_DRAIN_HI |         PU_SDA(0) | Analog(Net_341)
     |   6 |     * |      NONE |    OPEN_DRAIN_HI |       PU_SCL_2(0) | 
     |   7 |     * |      NONE |    OPEN_DRAIN_HI |       PU_SDA_2(0) | 
-----+-----+-------+-----------+------------------+-------------------+----------------------------------------------
   1 |   4 |     * |      NONE |         CMOS_OUT |      LED_Green(0) | In(Net_157)
     |   5 |     * |      NONE |         CMOS_OUT |     LED_Yellow(0) | In(Net_158)
-----+-----+-------+-----------+------------------+-------------------+----------------------------------------------
   2 |   3 |     * |      NONE |      RES_PULL_UP |           SW_1(0) | FB(Net_199)
     |   4 |     * |      NONE |      RES_PULL_UP |           SW_2(0) | FB(Net_200)
-----+-----+-------+-----------+------------------+-------------------+----------------------------------------------
  12 |   2 |     * |      NONE |    OPEN_DRAIN_LO |     SCL_Master(0) | FB(\I2C_M:Net_1109_0\), In(\I2C_M:Net_643_0\)
     |   3 |     * |      NONE |    OPEN_DRAIN_LO |     SDA_Master(0) | FB(\I2C_M:Net_1109_1\), In(\I2C_M:Net_643_1\)
-----+-----+-------+-----------+------------------+-------------------+----------------------------------------------
  15 |   6 |     * |   FALLING |      HI_Z_ANALOG | \USBUART_1:Dp(0)\ | Analog(\USBUART_1:Net_1000\)
     |   7 |     * |      NONE |      HI_Z_ANALOG | \USBUART_1:Dm(0)\ | Analog(\USBUART_1:Net_597\)
---------------------------------------------------------------------------------------------------------------------
</CYPRESSTAG>
</CYPRESSTAG>
</CYPRESSTAG>
Digital component placer commit/Report: Elapsed time ==> 0s.001ms
Digital Placement phase: Elapsed time ==> 0s.890ms
</CYPRESSTAG>
<CYPRESSTAG name="Digital Routing">
Routing successful.
Digital Routing phase: Elapsed time ==> 1s.426ms
</CYPRESSTAG>
<CYPRESSTAG name="Bitstream and API generation">
Bitstream and API generation phase: Elapsed time ==> 0s.173ms
</CYPRESSTAG>
<CYPRESSTAG name="Bitstream verification">
Bitstream verification phase: Elapsed time ==> 0s.034ms
</CYPRESSTAG>
<CYPRESSTAG name="Static timing analysis">
Timing report is in I2C2UART_timing.html.
Static timing analysis phase: Elapsed time ==> 0s.298ms
</CYPRESSTAG>
<CYPRESSTAG name="Data reporting">
Data reporting phase: Elapsed time ==> 0s.154ms
</CYPRESSTAG>
<CYPRESSTAG name="Database update...">
Design database save phase: Elapsed time ==> 0s.132ms
</CYPRESSTAG>
cydsfit: Elapsed time ==> 3s.279ms
</CYPRESSTAG>
Fitter phase: Elapsed time ==> 3s.303ms
API generation phase: Elapsed time ==> 2s.301ms
Dependency generation phase: Elapsed time ==> 0s.042ms
Cleanup phase: Elapsed time ==> 0s.000ms
